16-Jul-2024 23:36:15.428 INFO [main] org.apache.catalina.startup.VersionLoggerListener.log Server version name:   Apache Tomcat/9.0.91
16-Jul-2024 23:36:15.432 INFO [main] org.apache.catalina.startup.VersionLoggerListener.log Server built:          Jul 2 2024 12:35:51 UTC
16-Jul-2024 23:36:15.433 INFO [main] org.apache.catalina.startup.VersionLoggerListener.log Server version number: 9.0.91.0
16-Jul-2024 23:36:15.433 INFO [main] org.apache.catalina.startup.VersionLoggerListener.log OS Name:               Windows 11
16-Jul-2024 23:36:15.433 INFO [main] org.apache.catalina.startup.VersionLoggerListener.log OS Version:            10.0
16-Jul-2024 23:36:15.433 INFO [main] org.apache.catalina.startup.VersionLoggerListener.log Architecture:          amd64
16-Jul-2024 23:36:15.434 INFO [main] org.apache.catalina.startup.VersionLoggerListener.log Java Home:             C:\Program Files\Java\jdk-22
16-Jul-2024 23:36:15.434 INFO [main] org.apache.catalina.startup.VersionLoggerListener.log JVM Version:           22.0.1+8-16
16-Jul-2024 23:36:15.434 INFO [main] org.apache.catalina.startup.VersionLoggerListener.log JVM Vendor:            Oracle Corporation
16-Jul-2024 23:36:15.434 INFO [main] org.apache.catalina.startup.VersionLoggerListener.log CATALINA_BASE:         C:\Users\ranja\NetBeansProjects\BlogProject
16-Jul-2024 23:36:15.434 INFO [main] org.apache.catalina.startup.VersionLoggerListener.log CATALINA_HOME:         C:\Program Files\Apache Software Foundation\Tomcat 9.0
16-Jul-2024 23:36:15.446 INFO [main] org.apache.catalina.startup.VersionLoggerListener.log Command line argument: --add-opens=java.base/java.lang=ALL-UNNAMED
16-Jul-2024 23:36:15.446 INFO [main] org.apache.catalina.startup.VersionLoggerListener.log Command line argument: --add-opens=java.base/java.io=ALL-UNNAMED
16-Jul-2024 23:36:15.446 INFO [main] org.apache.catalina.startup.VersionLoggerListener.log Command line argument: --add-opens=java.base/java.util=ALL-UNNAMED
16-Jul-2024 23:36:15.447 INFO [main] org.apache.catalina.startup.VersionLoggerListener.log Command line argument: --add-opens=java.base/java.util.concurrent=ALL-UNNAMED
16-Jul-2024 23:36:15.447 INFO [main] org.apache.catalina.startup.VersionLoggerListener.log Command line argument: --add-opens=java.rmi/sun.rmi.transport=ALL-UNNAMED
16-Jul-2024 23:36:15.447 INFO [main] org.apache.catalina.startup.VersionLoggerListener.log Command line argument: -Dcatalina.home=C:\Program Files\Apache Software Foundation\Tomcat 9.0
16-Jul-2024 23:36:15.447 INFO [main] org.apache.catalina.startup.VersionLoggerListener.log Command line argument: -Dcatalina.base=C:\Users\ranja\NetBeansProjects\BlogProject
16-Jul-2024 23:36:15.447 INFO [main] org.apache.catalina.startup.VersionLoggerListener.log Command line argument: -Djava.io.tmpdir=C:\Users\ranja\NetBeansProjects\BlogProject\temp
16-Jul-2024 23:36:15.447 INFO [main] org.apache.catalina.startup.VersionLoggerListener.log Command line argument: -Djava.util.logging.config.file=C:\Users\ranja\NetBeansProjects\BlogProject\conf\logging.properties
16-Jul-2024 23:36:15.448 INFO [main] org.apache.catalina.startup.VersionLoggerListener.log Command line argument: -Djava.util.logging.manager=org.apache.juli.ClassLoaderLogManager
16-Jul-2024 23:36:15.448 INFO [main] org.apache.catalina.startup.VersionLoggerListener.log Command line argument: -javaagent:C:\Users\ranja\AppData\Local\Programs\IntelliJ IDEA Community Edition\lib\idea_rt.jar=49291:C:\Users\ranja\AppData\Local\Programs\IntelliJ IDEA Community Edition\bin
16-Jul-2024 23:36:15.448 INFO [main] org.apache.catalina.startup.VersionLoggerListener.log Command line argument: -Dfile.encoding=UTF-8
16-Jul-2024 23:36:15.448 INFO [main] org.apache.catalina.startup.VersionLoggerListener.log Command line argument: -Dsun.stdout.encoding=UTF-8
16-Jul-2024 23:36:15.448 INFO [main] org.apache.catalina.startup.VersionLoggerListener.log Command line argument: -Dsun.stderr.encoding=UTF-8
16-Jul-2024 23:36:15.481 INFO [main] org.apache.catalina.core.AprLifecycleListener.lifecycleEvent The Apache Tomcat Native library which allows using OpenSSL was not found on the java.library.path: [C:\Program Files\Java\jdk-22\bin;C:\WINDOWS\Sun\Java\bin;C:\WINDOWS\system32;C:\WINDOWS;C:\Program Files (x86)\VMware\VMware Workstation\bin\;C:\Program Files\Common Files\Oracle\Java\javapath;C:\windows\system32;C:\windows;C:\windows\System32\Wbem;C:\windows\System32\WindowsPowerShell\v1.0\;C:\windows\System32\OpenSSH\;C:\Program Files (x86)\NVIDIA Corporation\PhysX\Common;C:\Program Files\NVIDIA Corporation\NVIDIA NvDLISR;C:\MinGW\bin;C:\MinGW\bin\g++.exe;C:\WINDOWS\system32;C:\WINDOWS;C:\WINDOWS\System32\Wbem;C:\WINDOWS\System32\WindowsPowerShell\v1.0\;C:\WINDOWS\System32\OpenSSH\;C:\Program Files\Git\cmd;C:\Program Files\MySQL\MySQL Server 8.0\bin;;C:\Program Files\HP\HP One Agent;C:\Program Files\PowerShell\7\;C:\Program Files\MySQL\MySQL Shell 8.0\bin\;C:\Users\ranja\AppData\Local\Microsoft\WindowsApps;C:\Users\ranja\AppData\Local\Programs\Microsoft VS Code\bin;C:\Program Files\JetBrains\IntelliJ IDEA Community Edition 2023.3.6\bin;C:\mysql-connector-j-8.3.0.jar;C:\Program Files\Java\jdk-19\bin;C:\Users\ranja\AppData\Local\JetBrains\Toolbox\scripts;;.]
16-Jul-2024 23:36:15.958 INFO [main] org.apache.coyote.AbstractProtocol.init Initializing ProtocolHandler ["http-nio-9502"]
16-Jul-2024 23:36:15.979 INFO [main] org.apache.catalina.startup.Catalina.load Server initialization in [879] milliseconds
16-Jul-2024 23:36:16.040 INFO [main] org.apache.catalina.core.StandardService.startInternal Starting service [Catalina]
16-Jul-2024 23:36:16.040 INFO [main] org.apache.catalina.core.StandardEngine.startInternal Starting Servlet engine: [Apache Tomcat/9.0.91]
16-Jul-2024 23:36:16.055 INFO [main] org.apache.catalina.startup.HostConfig.deployDescriptor Deploying deployment descriptor [C:\Users\ranja\NetBeansProjects\BlogProject\conf\Catalina\localhost\BlogProject.xml]
16-Jul-2024 23:36:16.077 WARNING [main] org.apache.catalina.startup.HostConfig.deployDescriptor The path attribute with value [/BlogProject] in deployment descriptor [C:\Users\ranja\NetBeansProjects\BlogProject\conf\Catalina\localhost\BlogProject.xml] has been ignored
16-Jul-2024 23:36:17.877 INFO [main] org.apache.jasper.servlet.TldScanner.scanJars At least one JAR was scanned for TLDs yet contained no TLDs. Enable debug logging for this logger for a complete list of JARs that were scanned but no TLDs were found in them. Skipping unneeded JARs during scanning can improve startup time and JSP compilation time.
16-Jul-2024 23:36:18.005 INFO [main] org.apache.catalina.startup.HostConfig.deployDescriptor Deployment of deployment descriptor [C:\Users\ranja\NetBeansProjects\BlogProject\conf\Catalina\localhost\BlogProject.xml] has finished in [1,950] ms
16-Jul-2024 23:36:18.010 INFO [main] org.apache.coyote.AbstractProtocol.start Starting ProtocolHandler ["http-nio-9502"]
16-Jul-2024 23:36:18.043 INFO [main] org.apache.catalina.startup.Catalina.start Server startup in [2063] milliseconds
16-Jul-2024 23:39:08.864 INFO [Thread-1] org.apache.coyote.AbstractProtocol.pause Pausing ProtocolHandler ["http-nio-9502"]
16-Jul-2024 23:39:08.869 INFO [Thread-1] org.apache.catalina.core.StandardService.stopInternal Stopping service [Catalina]
16-Jul-2024 23:39:08.889 WARNING [Thread-1] org.apache.catalina.loader.WebappClassLoaderBase.clearReferencesJdbc The web application [BlogProject] registered the JDBC driver [com.mysql.cj.jdbc.Driver] but failed to unregister it when the web application was stopped. To prevent a memory leak, the JDBC Driver has been forcibly unregistered.
16-Jul-2024 23:39:08.890 WARNING [Thread-1] org.apache.catalina.loader.WebappClassLoaderBase.clearReferencesThreads The web application [BlogProject] appears to have started a thread named [mysql-cj-abandoned-connection-cleanup] but has failed to stop it. This is very likely to create a memory leak. Stack trace of thread:
 java.base/jdk.internal.misc.Unsafe.park(Native Method)
 java.base/java.util.concurrent.locks.LockSupport.parkNanos(LockSupport.java:269)
 java.base/java.util.concurrent.locks.AbstractQueuedSynchronizer$ConditionObject.await(AbstractQueuedSynchronizer.java:1847)
 java.base/java.lang.ref.ReferenceQueue.await(ReferenceQueue.java:71)
 java.base/java.lang.ref.ReferenceQueue.remove0(ReferenceQueue.java:143)
 java.base/java.lang.ref.ReferenceQueue.remove(ReferenceQueue.java:218)
 com.mysql.cj.jdbc.AbandonedConnectionCleanupThread.run(AbandonedConnectionCleanupThread.java:91)
 java.base/java.util.concurrent.ThreadPoolExecutor.runWorker(ThreadPoolExecutor.java:1144)
 java.base/java.util.concurrent.ThreadPoolExecutor$Worker.run(ThreadPoolExecutor.java:642)
 java.base/java.lang.Thread.run(Thread.java:1570)
16-Jul-2024 23:39:08.899 INFO [Thread-1] org.apache.coyote.AbstractProtocol.stop Stopping ProtocolHandler ["http-nio-9502"]
16-Jul-2024 23:39:08.913 INFO [Thread-1] org.apache.coyote.AbstractProtocol.destroy Destroying ProtocolHandler ["http-nio-9502"]
